<?xml version="1.0" encoding="UTF-8"?>
<!-- Generated by org.testng.reporters.JUnitXMLReporter -->
<testsuite hostname="DESKTOP-B7HAL10" name="Default test" tests="7" failures="0" timestamp="18 May 2016 15:32:24 GMT" time="23.536" errors="0">
  <testcase name="testDentistLinkOnShowDentistPage" time="8.82" classname="denti.MyTest2"/>
  <testcase name="testError404PageContent" time="2.962" classname="denti.MyTest2"/>
  <testcase name="testError404PageContent2" time="2.719" classname="denti.MyTest2"/>
  <testcase name="testError404PageLink" time="2.364" classname="denti.MyTest2"/>
  <testcase name="testLoginForm" time="2.318" classname="denti.MyTest2"/>
  <testcase name="testLoginFormBadCredentials" time="2.239" classname="denti.MyTest2"/>
  <testcase name="testReviewDentistDisplay" time="2.066" classname="denti.MyTest2"/>
</testsuite> <!-- Default test -->
